13:57:11.020 [main] INFO  com.intuit.karate.Runner - using system property 'karate.options': --tags ~@ignore
13:57:12.581 [main] INFO  com.intuit.karate - karate.env system property was: null 
13:57:12.778 [main] INFO  com.intuit.karate - >> lock acquired, begin callonce: read('classpath:helpers/CreateToken.feature') {"email": "SpencerH1417@gmail.com","password": "Corncake21"}
13:57:13.566 [main] INFO  com.intuit.karate - << lock released, cached callonce: read('classpath:helpers/CreateToken.feature') {"email": "SpencerH1417@gmail.com","password": "Corncake21"}
13:57:13.817 [main] INFO  com.intuit.karate - karate.env system property was: null 
13:57:16.515 [main] INFO  com.intuit.karate.Suite - <<pass>> feature 1 of 7 (0 remaining) classpath:conduitApp/feature/Articles.feature
13:57:16.524 [main] INFO  com.intuit.karate - karate.env system property was: null 
13:57:16.532 [main] INFO  com.intuit.karate - karate.env system property was: null 
13:57:16.600 [main] INFO  com.intuit.karate.Suite - <<pass>> feature 2 of 7 (0 remaining) classpath:conduitApp/feature/Favorites.feature
13:57:16.604 [main] INFO  com.intuit.karate - karate.env system property was: null 
13:57:17.092 [main] INFO  com.intuit.karate - karate.env system property was: null 
13:57:18.024 [main] INFO  com.intuit.karate - karate.env system property was: null 
13:57:19.992 [main] INFO  com.intuit.karate - karate.env system property was: null 
13:57:25.901 [main] INFO  com.intuit.karate - karate.env system property was: null 
13:57:25.911 [main] INFO  com.intuit.karate - karate.env system property was: null 
13:57:26.027 [main] INFO  com.intuit.karate.Suite - <<pass>> feature 3 of 7 (0 remaining) classpath:conduitApp/feature/HomePage.feature
13:57:26.032 [main] INFO  com.intuit.karate - karate.env system property was: null 
13:57:26.034 [main] INFO  com.intuit.karate - [print] This is first scenario 
13:57:26.035 [main] INFO  com.intuit.karate - After Scenario Text 
13:57:26.038 [main] INFO  com.intuit.karate - karate.env system property was: null 
13:57:26.040 [main] INFO  com.intuit.karate - [print] This is second scenario 
13:57:26.040 [main] INFO  com.intuit.karate - After Scenario Text 
13:57:26.041 [main] INFO  com.intuit.karate - After Feature Text 
13:57:26.086 [main] INFO  com.intuit.karate.Suite - <<pass>> feature 4 of 7 (0 remaining) classpath:conduitApp/feature/Hooks.feature
13:57:26.090 [main] INFO  com.intuit.karate - karate.env system property was: null 
13:57:26.403 [main] INFO  com.intuit.karate - karate.env system property was: null 
13:57:26.614 [main] INFO  com.intuit.karate - karate.env system property was: null 
13:57:26.827 [main] INFO  com.intuit.karate - karate.env system property was: null 
13:57:27.041 [main] INFO  com.intuit.karate - karate.env system property was: null 
13:57:27.247 [main] INFO  com.intuit.karate - karate.env system property was: null 
13:57:27.612 [main] INFO  com.intuit.karate - karate.env system property was: null 
13:57:27.973 [main] INFO  com.intuit.karate - karate.env system property was: null 
13:57:28.306 [main] INFO  com.intuit.karate.Suite - <<pass>> feature 5 of 7 (0 remaining) classpath:conduitApp/feature/SignUp.feature
13:57:28.309 [main] INFO  com.intuit.karate - karate.env system property was: null 
13:57:28.692 [main] INFO  com.intuit.karate - karate.env system property was: null 
13:57:28.716 [main] INFO  com.intuit.karate - karate.env system property was: null 
13:57:28.738 [main] INFO  com.intuit.karate - karate.env system property was: null 
13:57:28.759 [main] INFO  com.intuit.karate - karate.env system property was: null 
13:57:28.782 [main] INFO  com.intuit.karate - karate.env system property was: null 
13:57:28.832 [main] INFO  com.intuit.karate - karate.env system property was: null 
13:57:28.912 [main] INFO  com.intuit.karate - karate.env system property was: null 
13:57:28.934 [main] INFO  com.intuit.karate - karate.env system property was: null 
13:57:28.953 [main] INFO  com.intuit.karate - karate.env system property was: null 
13:57:28.973 [main] INFO  com.intuit.karate - karate.env system property was: null 
13:57:28.992 [main] ERROR com.intuit.karate - classpath:conduitApp/feature/WorkWithDB.feature:48
And match level.maxLvl == '150'
match failed: EQUALS
  $ | not equal (STRING:STRING)
  '165'
  '150'

classpath:conduitApp/feature/WorkWithDB.feature:48
13:57:28.996 [main] INFO  com.intuit.karate - karate.env system property was: null 
13:57:29.021 [main] INFO  com.intuit.karate - karate.env system property was: null 
13:57:29.045 [main] INFO  com.intuit.karate - karate.env system property was: null 
13:57:29.066 [main] INFO  com.intuit.karate - karate.env system property was: null 
13:57:29.087 [main] INFO  com.intuit.karate - karate.env system property was: null 
13:57:29.107 [main] INFO  com.intuit.karate - karate.env system property was: null 
13:57:29.206 [main] INFO  com.intuit.karate.Suite - <<fail>> feature 6 of 7 (0 remaining) classpath:conduitApp/feature/WorkWithDB.feature
13:57:29.208 [main] INFO  com.intuit.karate - karate.env system property was: null 
13:57:29.231 [main] INFO  com.intuit.karate - >> lock acquired, begin callonce: read('classpath:helpers/CreateToken.feature') {"email": "SpencerH1417@gmail.com","password": "Corncake21"}
13:57:29.470 [main] INFO  com.intuit.karate - << lock released, cached callonce: read('classpath:helpers/CreateToken.feature') {"email": "SpencerH1417@gmail.com","password": "Corncake21"}
13:57:29.892 [main] INFO  com.intuit.karate.Suite - <<pass>> feature 7 of 7 (0 remaining) classpath:conduitApp/performance/createArticle.feature
